{
  "RSpec": {
    "coverage": {
      "/Users/textchimp/sei/classwork/week7/fruitstore-tdd/app/controllers/fruits_controller.rb": {
        "lines": [
          1,
          null,
          null,
          null,
          1,
          5,
          null,
          5,
          3,
          null,
          2,
          null,
          null,
          null,
          null,
          1,
          null,
          7,
          null,
          null,
          null,
          null,
          null,
          null,
          null,
          null,
          null,
          null,
          null,
          null,
          null,
          null,
          1,
          null,
          1,
          5,
          null,
          null,
          null
        ]
      },
      "/Users/textchimp/sei/classwork/week7/fruitstore-tdd/app/controllers/application_controller.rb": {
        "lines": [
          1,
          null
        ]
      },
      "/Users/textchimp/sei/classwork/week7/fruitstore-tdd/spec/features/fruit_spec.rb": {
        "lines": [
          null,
          1,
          null,
          1,
          null,
          1,
          null,
          1,
          2,
          2,
          6,
          null,
          null,
          2,
          null,
          null,
          null,
          1,
          null,
          1,
          null,
          null,
          null,
          1,
          1,
          1,
          1,
          null,
          null,
          null,
          null,
          null,
          null,
          null
        ]
      },
      "/Users/textchimp/sei/classwork/week7/fruitstore-tdd/app/models/fruit.rb": {
        "lines": [
          1,
          null,
          1,
          null,
          1,
          null,
          1,
          0,
          null,
          null,
          null,
          null
        ]
      },
      "/Users/textchimp/sei/classwork/week7/fruitstore-tdd/app/models/application_record.rb": {
        "lines": [
          1,
          1,
          null
        ]
      },
      "/Users/textchimp/sei/classwork/week7/fruitstore-tdd/spec/models/fruit_spec.rb": {
        "lines": [
          null,
          1,
          null,
          null,
          null,
          null,
          null,
          1,
          null,
          null,
          null,
          null,
          null,
          null,
          null,
          1,
          7,
          7,
          7,
          null,
          null,
          null,
          null,
          null,
          null,
          1,
          null,
          null,
          null,
          null,
          null,
          null,
          null,
          null,
          null,
          null,
          null,
          1,
          1,
          null,
          null,
          1,
          null,
          null,
          null,
          null,
          null,
          1,
          null,
          null,
          null,
          null,
          1,
          null,
          null,
          null,
          1,
          null,
          null,
          null,
          1,
          1,
          1,
          null,
          null,
          null,
          1,
          null,
          1,
          null,
          null,
          null,
          1,
          null,
          1,
          null,
          null,
          null,
          null,
          null,
          null,
          null,
          null,
          null,
          null,
          null,
          null,
          null,
          null,
          null,
          null,
          null,
          null,
          1,
          1,
          1,
          null,
          null,
          null,
          1,
          1,
          1,
          null,
          null,
          null,
          null,
          null,
          null,
          null,
          null,
          null,
          null,
          null,
          null,
          null
        ]
      },
      "/Users/textchimp/sei/classwork/week7/fruitstore-tdd/app/models/shelf.rb": {
        "lines": [
          1,
          null
        ]
      },
      "/Users/textchimp/sei/classwork/week7/fruitstore-tdd/app/models/pear.rb": {
        "lines": [
          null,
          null,
          null,
          null,
          null,
          null,
          1,
          null,
          null,
          null,
          null,
          null,
          null,
          null,
          null,
          1,
          null,
          1,
          0,
          null,
          null,
          null
        ]
      }
    },
    "timestamp": 1662515008
  }
}
